Using pre-set license
Built from '2020.3/staging' branch; Version is '2020.3.11f1 (99c7afb366b3) revision 10078127'; Using compiler version '192528614'; Build Type 'Release'
OS: 'Windows 10 Home; OS build 19043.1466; Version 2009; 64bit' Language: 'en' Physical Memory: 32728 MB
BatchMode: 1, IsHumanControllingUs: 0, StartBugReporterOnCrash: 0, Is64bit: 1, IsPro: 0

 COMMAND LINE ARGUMENTS:
G:\Program Files\Unity\2020.3.11f1\Editor\Unity.exe
-adb2
-batchMode
-noUpm
-name
AssetImportWorker0
-projectPath
G:/Users/RowanofRohan/Documents/NextNow/Projects/ARVideo Greenscreen Demo
-logFile
Logs/AssetImportWorker0.log
-srvPort
51962
Successfully changed project path to: G:/Users/RowanofRohan/Documents/NextNow/Projects/ARVideo Greenscreen Demo
G:/Users/RowanofRohan/Documents/NextNow/Projects/ARVideo Greenscreen Demo
Using Asset Import Pipeline V2.
Refreshing native plugins compatible for Editor in 27.09 ms, found 4 plugins.
Preloading 0 native plugins for Editor in 0.00 ms.
Initialize engine version: 2020.3.11f1 (99c7afb366b3)
[Subsystems] Discovering subsystems at path G:/Program Files/Unity/2020.3.11f1/Editor/Data/Resources/UnitySubsystems
[Subsystems] Discovering subsystems at path G:/Users/RowanofRohan/Documents/NextNow/Projects/ARVideo Greenscreen Demo/Assets
GfxDevice: creating device client; threaded=0
Direct3D:
    Version:  Direct3D 11.0 [level 11.1]
    Renderer: NVIDIA GeForce GTX 1060 6GB (ID=0x1c03)
    Vendor:   
    VRAM:     6052 MB
    Driver:   30.0.14.7212
Initialize mono
Mono path[0] = 'G:/Program Files/Unity/2020.3.11f1/Editor/Data/Managed'
Mono path[1] = 'G:/Program Files/Unity/2020.3.11f1/Editor/Data/MonoBleedingEdge/lib/mono/unityjit'
Mono config path = 'G:/Program Files/Unity/2020.3.11f1/Editor/Data/MonoBleedingEdge/etc'
Using monoOptions --debugger-agent=transport=dt_socket,embedding=1,server=y,suspend=n,address=127.0.0.1:56568
Begin MonoManager ReloadAssembly
Registering precompiled unity dll's ...
Register platform support module: G:/Program Files/Unity/2020.3.11f1/Editor/Data/PlaybackEngines/WebGLSupport/UnityEditor.WebGL.Extensions.dll
Register platform support module: G:/Program Files/Unity/2020.3.11f1/Editor/Data/PlaybackEngines/WindowsStandaloneSupport/UnityEditor.WindowsStandalone.Extensions.dll
Registered in 0.001476 seconds.
Native extension for WindowsStandalone target not found
Native extension for WebGL target not found
Refreshing native plugins compatible for Editor in 24.75 ms, found 4 plugins.
Preloading 0 native plugins for Editor in 0.00 ms.
Mono: successfully reloaded assembly
- Completed reload, in  1.246 seconds
Platform modules already initialized, skipping
Registering precompiled user dll's ...
Registered in 0.004021 seconds.
Begin MonoManager ReloadAssembly
Native extension for WindowsStandalone target not found
Native extension for WebGL target not found
Refreshing native plugins compatible for Editor in 0.43 ms, found 4 plugins.
Preloading 0 native plugins for Editor in 0.00 ms.
Mono: successfully reloaded assembly
- Completed reload, in  0.883 seconds
Platform modules already initialized, skipping
========================================================================
Worker process is ready to serve import requests
Launched and connected shader compiler UnityShaderCompiler.exe after 0.04 seconds
Refreshing native plugins compatible for Editor in 0.33 ms, found 4 plugins.
Preloading 0 native plugins for Editor in 0.00 ms.
Unloading 1493 Unused Serialized files (Serialized files now loaded: 0)
System memory in use before: 70.0 MB.
System memory in use after: 70.0 MB.

Unloading 26 unused Assets to reduce memory usage. Loaded Objects now: 1920.
Total: 2.470300 ms (FindLiveObjects: 0.176600 ms CreateObjectMapping: 0.076600 ms MarkObjects: 2.060700 ms  DeleteObjects: 0.155000 ms)

========================================================================
Received Import Request.
  path: Assets/Plugins/RenderHeads/AVProMovieCapture/Docs/AVProMovieCapture-UserManual.pdf
  artifactKey: Guid(0096b784692acfb4e92e5ce9ab0233d5) Importer(815301076,1909f56bfc062723c751e8b465ee728b)
Start importing Assets/Plugins/RenderHeads/AVProMovieCapture/Docs/AVProMovieCapture-UserManual.pdf using Guid(0096b784692acfb4e92e5ce9ab0233d5) Importer(815301076,1909f56bfc062723c751e8b465ee728b)  -> (artifact id: '121e125aad16b18393f4fed90af69e42') in 0.060881 seconds
  Import took 0.098955 seconds .

========================================================================
Received Import Request.
  Time since last request: 0.000189 seconds.
  path: Assets/Plugins/RenderHeads/AVProMovieCapture/Docs
  artifactKey: Guid(b2afb1484f696a74c8028a9456053886) Importer(815301076,1909f56bfc062723c751e8b465ee728b)
Start importing Assets/Plugins/RenderHeads/AVProMovieCapture/Docs using Guid(b2afb1484f696a74c8028a9456053886) Importer(815301076,1909f56bfc062723c751e8b465ee728b)  -> (artifact id: '00493c91cca005020eb4185f8a14a508') in 0.020581 seconds
  Import took 0.032248 seconds .

