Using pre-set license
Built from '2020.3/staging' branch; Version is '2020.3.11f1 (99c7afb366b3) revision 10078127'; Using compiler version '192528614'; Build Type 'Release'
OS: 'Windows 10 Home; OS build 19043.1466; Version 2009; 64bit' Language: 'en' Physical Memory: 32728 MB
BatchMode: 1, IsHumanControllingUs: 0, StartBugReporterOnCrash: 0, Is64bit: 1, IsPro: 0

 COMMAND LINE ARGUMENTS:
G:\Program Files\Unity\2020.3.11f1\Editor\Unity.exe
-adb2
-batchMode
-noUpm
-name
AssetImportWorker0
-projectPath
G:/Users/RowanofRohan/Documents/NextNow/Projects/ARVideo Greenscreen Demo
-logFile
Logs/AssetImportWorker0.log
-srvPort
51962
Successfully changed project path to: G:/Users/RowanofRohan/Documents/NextNow/Projects/ARVideo Greenscreen Demo
G:/Users/RowanofRohan/Documents/NextNow/Projects/ARVideo Greenscreen Demo
Using Asset Import Pipeline V2.
Refreshing native plugins compatible for Editor in 27.09 ms, found 4 plugins.
Preloading 0 native plugins for Editor in 0.00 ms.
Initialize engine version: 2020.3.11f1 (99c7afb366b3)
[Subsystems] Discovering subsystems at path G:/Program Files/Unity/2020.3.11f1/Editor/Data/Resources/UnitySubsystems
[Subsystems] Discovering subsystems at path G:/Users/RowanofRohan/Documents/NextNow/Projects/ARVideo Greenscreen Demo/Assets
GfxDevice: creating device client; threaded=0
Direct3D:
    Version:  Direct3D 11.0 [level 11.1]
    Renderer: NVIDIA GeForce GTX 1060 6GB (ID=0x1c03)
    Vendor:   
    VRAM:     6052 MB
    Driver:   30.0.14.7212
Initialize mono
Mono path[0] = 'G:/Program Files/Unity/2020.3.11f1/Editor/Data/Managed'
Mono path[1] = 'G:/Program Files/Unity/2020.3.11f1/Editor/Data/MonoBleedingEdge/lib/mono/unityjit'
Mono config path = 'G:/Program Files/Unity/2020.3.11f1/Editor/Data/MonoBleedingEdge/etc'
Using monoOptions --debugger-agent=transport=dt_socket,embedding=1,server=y,suspend=n,address=127.0.0.1:56568
Begin MonoManager ReloadAssembly
Registering precompiled unity dll's ...
Register platform support module: G:/Program Files/Unity/2020.3.11f1/Editor/Data/PlaybackEngines/WebGLSupport/UnityEditor.WebGL.Extensions.dll
Register platform support module: G:/Program Files/Unity/2020.3.11f1/Editor/Data/PlaybackEngines/WindowsStandaloneSupport/UnityEditor.WindowsStandalone.Extensions.dll
Registered in 0.001476 seconds.
Native extension for WindowsStandalone target not found
Native extension for WebGL target not found
Refreshing native plugins compatible for Editor in 24.75 ms, found 4 plugins.
Preloading 0 native plugins for Editor in 0.00 ms.
Mono: successfully reloaded assembly
- Completed reload, in  1.246 seconds
Platform modules already initialized, skipping
Registering precompiled user dll's ...
Registered in 0.004021 seconds.
Begin MonoManager ReloadAssembly
Native extension for WindowsStandalone target not found
Native extension for WebGL target not found
Refreshing native plugins compatible for Editor in 0.43 ms, found 4 plugins.
Preloading 0 native plugins for Editor in 0.00 ms.
Mono: successfully reloaded assembly
- Completed reload, in  0.883 seconds
Platform modules already initialized, skipping
========================================================================
Worker process is ready to serve import requests
Launched and connected shader compiler UnityShaderCompiler.exe after 0.04 seconds
Refreshing native plugins compatible for Editor in 0.33 ms, found 4 plugins.
Preloading 0 native plugins for Editor in 0.00 ms.
Unloading 1493 Unused Serialized files (Serialized files now loaded: 0)
System memory in use before: 70.0 MB.
System memory in use after: 70.0 MB.

Unloading 26 unused Assets to reduce memory usage. Loaded Objects now: 1920.
Total: 2.470300 ms (FindLiveObjects: 0.176600 ms CreateObjectMapping: 0.076600 ms MarkObjects: 2.060700 ms  DeleteObjects: 0.155000 ms)

========================================================================
Received Import Request.
  path: Assets/Plugins/RenderHeads/AVProMovieCapture/Docs/AVProMovieCapture-UserManual.pdf
  artifactKey: Guid(0096b784692acfb4e92e5ce9ab0233d5) Importer(815301076,1909f56bfc062723c751e8b465ee728b)
Start importing Assets/Plugins/RenderHeads/AVProMovieCapture/Docs/AVProMovieCapture-UserManual.pdf using Guid(0096b784692acfb4e92e5ce9ab0233d5) Importer(815301076,1909f56bfc062723c751e8b465ee728b)  -> (artifact id: '121e125aad16b18393f4fed90af69e42') in 0.060881 seconds
  Import took 0.098955 seconds .

========================================================================
Received Import Request.
  Time since last request: 0.000189 seconds.
  path: Assets/Plugins/RenderHeads/AVProMovieCapture/Docs
  artifactKey: Guid(b2afb1484f696a74c8028a9456053886) Importer(815301076,1909f56bfc062723c751e8b465ee728b)
Start importing Assets/Plugins/RenderHeads/AVProMovieCapture/Docs using Guid(b2afb1484f696a74c8028a9456053886) Importer(815301076,1909f56bfc062723c751e8b465ee728b)  -> (artifact id: '00493c91cca005020eb4185f8a14a508') in 0.020581 seconds
  Import took 0.032248 seconds .

========================================================================
Received Import Request.
  Time since last request: 633.825140 seconds.
  path: Assets/Scripts/Video_Manager.cs
  artifactKey: Guid(b1a51de98b8eee54c949956d848f7888) Importer(815301076,1909f56bfc062723c751e8b465ee728b)
Start importing Assets/Scripts/Video_Manager.cs using Guid(b1a51de98b8eee54c949956d848f7888) Importer(815301076,1909f56bfc062723c751e8b465ee728b)  -> (artifact id: '3dcb5dba0dfb88eadb368d97a48b9f7f') in 0.017621 seconds
  Import took 0.021199 seconds .

========================================================================
Received Import Request.
  Time since last request: 0.022158 seconds.
  path: Assets/Scripts/Video_Manager.cs
  artifactKey: Guid(b1a51de98b8eee54c949956d848f7888) Importer(815301076,1909f56bfc062723c751e8b465ee728b)
Start importing Assets/Scripts/Video_Manager.cs using Guid(b1a51de98b8eee54c949956d848f7888) Importer(815301076,1909f56bfc062723c751e8b465ee728b)  -> (artifact id: '3dcb5dba0dfb88eadb368d97a48b9f7f') in 0.002448 seconds
  Import took 0.005268 seconds .

========================================================================
Received Prepare
Registering precompiled user dll's ...
Registered in 0.004651 seconds.
Begin MonoManager ReloadAssembly
Native extension for WindowsStandalone target not found
Native extension for WebGL target not found
Refreshing native plugins compatible for Editor in 0.34 ms, found 4 plugins.
Preloading 0 native plugins for Editor in 0.00 ms.
Mono: successfully reloaded assembly
- Completed reload, in  0.792 seconds
Platform modules already initialized, skipping
Refreshing native plugins compatible for Editor in 0.36 ms, found 4 plugins.
Preloading 0 native plugins for Editor in 0.00 ms.
Unloading 1469 Unused Serialized files (Serialized files now loaded: 0)
System memory in use before: 68.1 MB.
System memory in use after: 68.1 MB.

Unloading 21 unused Assets to reduce memory usage. Loaded Objects now: 1923.
Total: 1.731800 ms (FindLiveObjects: 0.142400 ms CreateObjectMapping: 0.035200 ms MarkObjects: 1.505500 ms  DeleteObjects: 0.048000 ms)

========================================================================
Received Import Request.
  Time since last request: 226.659222 seconds.
  path: Assets/Scripts/Video_Manager.cs
  artifactKey: Guid(b1a51de98b8eee54c949956d848f7888) Importer(815301076,1909f56bfc062723c751e8b465ee728b)
Start importing Assets/Scripts/Video_Manager.cs using Guid(b1a51de98b8eee54c949956d848f7888) Importer(815301076,1909f56bfc062723c751e8b465ee728b)  -> (artifact id: '17c1e8280a9db8b8ccb51c57ce3c8038') in 0.003881 seconds
  Import took 0.005801 seconds .

========================================================================
Received Prepare
Registering precompiled user dll's ...
Registered in 0.005270 seconds.
Begin MonoManager ReloadAssembly
Native extension for WindowsStandalone target not found
Native extension for WebGL target not found
Refreshing native plugins compatible for Editor in 0.35 ms, found 4 plugins.
Preloading 0 native plugins for Editor in 0.00 ms.
Mono: successfully reloaded assembly
- Completed reload, in  0.800 seconds
Platform modules already initialized, skipping
Refreshing native plugins compatible for Editor in 0.37 ms, found 4 plugins.
Preloading 0 native plugins for Editor in 0.00 ms.
Unloading 1469 Unused Serialized files (Serialized files now loaded: 0)
System memory in use before: 68.1 MB.
System memory in use after: 68.2 MB.

Unloading 21 unused Assets to reduce memory usage. Loaded Objects now: 1926.
Total: 2.044300 ms (FindLiveObjects: 0.136500 ms CreateObjectMapping: 0.041800 ms MarkObjects: 1.812500 ms  DeleteObjects: 0.052100 ms)

========================================================================
Received Prepare
Registering precompiled user dll's ...
Registered in 0.005659 seconds.
Begin MonoManager ReloadAssembly
Native extension for WindowsStandalone target not found
Native extension for WebGL target not found
Refreshing native plugins compatible for Editor in 0.33 ms, found 4 plugins.
Preloading 0 native plugins for Editor in 0.00 ms.
Mono: successfully reloaded assembly
- Completed reload, in  0.787 seconds
Platform modules already initialized, skipping
Refreshing native plugins compatible for Editor in 0.36 ms, found 4 plugins.
Preloading 0 native plugins for Editor in 0.00 ms.
Unloading 1469 Unused Serialized files (Serialized files now loaded: 0)
System memory in use before: 68.2 MB.
System memory in use after: 68.2 MB.

Unloading 21 unused Assets to reduce memory usage. Loaded Objects now: 1929.
Total: 1.860800 ms (FindLiveObjects: 0.157200 ms CreateObjectMapping: 0.039900 ms MarkObjects: 1.615400 ms  DeleteObjects: 0.047500 ms)

========================================================================
Received Prepare
Registering precompiled user dll's ...
Registered in 0.004229 seconds.
Begin MonoManager ReloadAssembly
Native extension for WindowsStandalone target not found
Native extension for WebGL target not found
Refreshing native plugins compatible for Editor in 0.33 ms, found 4 plugins.
Preloading 0 native plugins for Editor in 0.00 ms.
Mono: successfully reloaded assembly
- Completed reload, in  0.789 seconds
Platform modules already initialized, skipping
Refreshing native plugins compatible for Editor in 0.34 ms, found 4 plugins.
Preloading 0 native plugins for Editor in 0.00 ms.
Unloading 1469 Unused Serialized files (Serialized files now loaded: 0)
System memory in use before: 68.1 MB.
System memory in use after: 68.2 MB.

Unloading 21 unused Assets to reduce memory usage. Loaded Objects now: 1932.
Total: 1.795900 ms (FindLiveObjects: 0.146200 ms CreateObjectMapping: 0.036100 ms MarkObjects: 1.562300 ms  DeleteObjects: 0.050500 ms)

========================================================================
Received Import Request.
  Time since last request: 624.000721 seconds.
  path: Assets/Plugins/RenderHeads/AVProMovieCapture/Demos
  artifactKey: Guid(94f9e072b7bf8b4419ce9835aa43a5c5) Importer(815301076,1909f56bfc062723c751e8b465ee728b)
Start importing Assets/Plugins/RenderHeads/AVProMovieCapture/Demos using Guid(94f9e072b7bf8b4419ce9835aa43a5c5) Importer(815301076,1909f56bfc062723c751e8b465ee728b)  -> (artifact id: '1d148c609d2a4b083f454bcdaabaa339') in 0.008362 seconds
  Import took 0.010536 seconds .

========================================================================
Received Import Request.
  Time since last request: 7.915301 seconds.
  path: Assets/Plugins/RenderHeads/AVProMovieCapture/Demos/Scenes/Demo01-TextureCapture.unity
  artifactKey: Guid(4c41bfde9dbb0a3449f96fdffb67a8e2) Importer(815301076,1909f56bfc062723c751e8b465ee728b)
Start importing Assets/Plugins/RenderHeads/AVProMovieCapture/Demos/Scenes/Demo01-TextureCapture.unity using Guid(4c41bfde9dbb0a3449f96fdffb67a8e2) Importer(815301076,1909f56bfc062723c751e8b465ee728b)  -> (artifact id: '3bbd8390dffd560a2e025a041d5805a8') in 0.013759 seconds
  Import took 0.016814 seconds .

========================================================================
Received Import Request.
  Time since last request: 85.080764 seconds.
  path: Assets/Plugins/RenderHeads/AVProMovieCapture/Demos/Scenes/Demo02-WebcamCapture.unity
  artifactKey: Guid(6ba0f3c85855c684db1ca2bfaa26058a) Importer(815301076,1909f56bfc062723c751e8b465ee728b)
Start importing Assets/Plugins/RenderHeads/AVProMovieCapture/Demos/Scenes/Demo02-WebcamCapture.unity using Guid(6ba0f3c85855c684db1ca2bfaa26058a) Importer(815301076,1909f56bfc062723c751e8b465ee728b)  -> (artifact id: 'a869e7dc9bcb019f6829a367279caa2c') in 0.005558 seconds
  Import took 0.007681 seconds .

========================================================================
Received Import Request.
  Time since last request: 5.355490 seconds.
  path: Assets/Plugins/RenderHeads/AVProMovieCapture/Demos/Scenes/Demo00-ScreenCapture.unity
  artifactKey: Guid(aac421df044c8404b9bd40c84487a589) Importer(815301076,1909f56bfc062723c751e8b465ee728b)
Start importing Assets/Plugins/RenderHeads/AVProMovieCapture/Demos/Scenes/Demo00-ScreenCapture.unity using Guid(aac421df044c8404b9bd40c84487a589) Importer(815301076,1909f56bfc062723c751e8b465ee728b)  -> (artifact id: 'fa490a2370f8f332386ae2494ff12514') in 0.005563 seconds
  Import took 0.007786 seconds .

========================================================================
Received Import Request.
  Time since last request: 36.499060 seconds.
  path: Assets/Plugins/RenderHeads/AVProMovieCapture/Demos/Scripts/WebcamCaptureDemo.cs
  artifactKey: Guid(98a052fe19e52c048865e758e854f078) Importer(815301076,1909f56bfc062723c751e8b465ee728b)
Start importing Assets/Plugins/RenderHeads/AVProMovieCapture/Demos/Scripts/WebcamCaptureDemo.cs using Guid(98a052fe19e52c048865e758e854f078) Importer(815301076,1909f56bfc062723c751e8b465ee728b)  -> (artifact id: '21d92c5a83b9dcf31712f0c7a4344dc9') in 0.004858 seconds
  Import took 0.007209 seconds .

========================================================================
Received Import Request.
  Time since last request: 0.004354 seconds.
  path: Assets/Plugins/RenderHeads/AVProMovieCapture/Demos/Scripts/WebcamCaptureDemo.cs
  artifactKey: Guid(98a052fe19e52c048865e758e854f078) Importer(815301076,1909f56bfc062723c751e8b465ee728b)
Start importing Assets/Plugins/RenderHeads/AVProMovieCapture/Demos/Scripts/WebcamCaptureDemo.cs using Guid(98a052fe19e52c048865e758e854f078) Importer(815301076,1909f56bfc062723c751e8b465ee728b)  -> (artifact id: '21d92c5a83b9dcf31712f0c7a4344dc9') in 0.002339 seconds
  Import took 0.004851 seconds .

========================================================================
Received Import Request.
  Time since last request: 85.493100 seconds.
  path: Assets/Plugins/RenderHeads/AVProMovieCapture/Runtime/Scripts/Components
  artifactKey: Guid(a0cb794f4483c3241b41977cd4bb13a1) Importer(815301076,1909f56bfc062723c751e8b465ee728b)
Start importing Assets/Plugins/RenderHeads/AVProMovieCapture/Runtime/Scripts/Components using Guid(a0cb794f4483c3241b41977cd4bb13a1) Importer(815301076,1909f56bfc062723c751e8b465ee728b)  -> (artifact id: 'f29145d941f651a6b10685144defc487') in 0.005598 seconds
  Import took 0.007845 seconds .

========================================================================
Received Import Request.
  Time since last request: 26.262448 seconds.
  path: Assets/Plugins/RenderHeads/AVProMovieCapture/Demos/Scripts
  artifactKey: Guid(2693fb63d67b5cd4ba2b8e89fe16bcd1) Importer(815301076,1909f56bfc062723c751e8b465ee728b)
Start importing Assets/Plugins/RenderHeads/AVProMovieCapture/Demos/Scripts using Guid(2693fb63d67b5cd4ba2b8e89fe16bcd1) Importer(815301076,1909f56bfc062723c751e8b465ee728b)  -> (artifact id: '0a4282ac68e5f35d8dd158f6f0bcfdee') in 0.006337 seconds
  Import took 0.008275 seconds .

========================================================================
Received Import Request.
  Time since last request: 7.201712 seconds.
  path: Assets/Scenes/Main.unity
  artifactKey: Guid(9fc0d4010bbf28b4594072e72b8655ab) Importer(815301076,1909f56bfc062723c751e8b465ee728b)
Start importing Assets/Scenes/Main.unity using Guid(9fc0d4010bbf28b4594072e72b8655ab) Importer(815301076,1909f56bfc062723c751e8b465ee728b)  -> (artifact id: '93b6168ebe4d403f3b29d7a5c3b01283') in 0.006681 seconds
  Import took 0.009632 seconds .

========================================================================
Received Import Request.
  Time since last request: 1.313990 seconds.
  path: Assets/Scripts/Video_Manager.cs
  artifactKey: Guid(b1a51de98b8eee54c949956d848f7888) Importer(815301076,1909f56bfc062723c751e8b465ee728b)
Start importing Assets/Scripts/Video_Manager.cs using Guid(b1a51de98b8eee54c949956d848f7888) Importer(815301076,1909f56bfc062723c751e8b465ee728b)  -> (artifact id: '3e5febe94a31330843334177d4256d96') in 0.005191 seconds
  Import took 0.007525 seconds .

========================================================================
Received Prepare
Registering precompiled user dll's ...
Registered in 0.004504 seconds.
Begin MonoManager ReloadAssembly
Native extension for WindowsStandalone target not found
Native extension for WebGL target not found
Refreshing native plugins compatible for Editor in 0.34 ms, found 4 plugins.
Preloading 0 native plugins for Editor in 0.00 ms.
Mono: successfully reloaded assembly
- Completed reload, in  0.901 seconds
Platform modules already initialized, skipping
Refreshing native plugins compatible for Editor in 0.34 ms, found 4 plugins.
Preloading 0 native plugins for Editor in 0.00 ms.
Unloading 1469 Unused Serialized files (Serialized files now loaded: 0)
System memory in use before: 68.2 MB.
System memory in use after: 68.3 MB.

Unloading 21 unused Assets to reduce memory usage. Loaded Objects now: 1935.
Total: 1.834600 ms (FindLiveObjects: 0.151400 ms CreateObjectMapping: 0.047200 ms MarkObjects: 1.577300 ms  DeleteObjects: 0.057900 ms)

========================================================================
Received Import Request.
  Time since last request: 112.285705 seconds.
  path: Assets/Scripts/Video_Manager.cs
  artifactKey: Guid(b1a51de98b8eee54c949956d848f7888) Importer(815301076,1909f56bfc062723c751e8b465ee728b)
Start importing Assets/Scripts/Video_Manager.cs using Guid(b1a51de98b8eee54c949956d848f7888) Importer(815301076,1909f56bfc062723c751e8b465ee728b)  -> (artifact id: 'b3674d85015d162e5f42b1edb773b018') in 0.003802 seconds
  Import took 0.005940 seconds .

========================================================================
Received Import Request.
  Time since last request: 6.938199 seconds.
  path: Assets/Scripts/Video_Manager.cs
  artifactKey: Guid(b1a51de98b8eee54c949956d848f7888) Importer(815301076,1909f56bfc062723c751e8b465ee728b)
Start importing Assets/Scripts/Video_Manager.cs using Guid(b1a51de98b8eee54c949956d848f7888) Importer(815301076,1909f56bfc062723c751e8b465ee728b)  -> (artifact id: '3883bea89cce86e3f3d5f21ffee9b4ea') in 0.002215 seconds
  Import took 0.005289 seconds .

========================================================================
Received Prepare
Registering precompiled user dll's ...
Registered in 0.004797 seconds.
Begin MonoManager ReloadAssembly
Native extension for WindowsStandalone target not found
Native extension for WebGL target not found
Refreshing native plugins compatible for Editor in 0.36 ms, found 4 plugins.
Preloading 0 native plugins for Editor in 0.00 ms.
Mono: successfully reloaded assembly
- Completed reload, in  0.780 seconds
Platform modules already initialized, skipping
Refreshing native plugins compatible for Editor in 0.33 ms, found 4 plugins.
Preloading 0 native plugins for Editor in 0.00 ms.
Unloading 1469 Unused Serialized files (Serialized files now loaded: 0)
System memory in use before: 68.2 MB.
System memory in use after: 68.3 MB.

Unloading 21 unused Assets to reduce memory usage. Loaded Objects now: 1938.
Total: 1.572200 ms (FindLiveObjects: 0.136100 ms CreateObjectMapping: 0.039700 ms MarkObjects: 1.344600 ms  DeleteObjects: 0.051000 ms)

========================================================================
Received Import Request.
  Time since last request: 222.773699 seconds.
  path: Assets/Scripts/Video_Manager.cs
  artifactKey: Guid(b1a51de98b8eee54c949956d848f7888) Importer(815301076,1909f56bfc062723c751e8b465ee728b)
Start importing Assets/Scripts/Video_Manager.cs using Guid(b1a51de98b8eee54c949956d848f7888) Importer(815301076,1909f56bfc062723c751e8b465ee728b)  -> (artifact id: '879cdb8500bb308be1934e98a3a2ad03') in 0.003543 seconds
  Import took 0.005809 seconds .

========================================================================
Received Prepare
Registering precompiled user dll's ...
Registered in 0.003970 seconds.
Begin MonoManager ReloadAssembly
Native extension for WindowsStandalone target not found
Native extension for WebGL target not found
Refreshing native plugins compatible for Editor in 0.36 ms, found 4 plugins.
Preloading 0 native plugins for Editor in 0.00 ms.
Mono: successfully reloaded assembly
- Completed reload, in  0.787 seconds
Platform modules already initialized, skipping
Refreshing native plugins compatible for Editor in 0.34 ms, found 4 plugins.
Preloading 0 native plugins for Editor in 0.00 ms.
Unloading 1469 Unused Serialized files (Serialized files now loaded: 0)
System memory in use before: 68.2 MB.
System memory in use after: 68.3 MB.

Unloading 21 unused Assets to reduce memory usage. Loaded Objects now: 1941.
Total: 2.072900 ms (FindLiveObjects: 0.139700 ms CreateObjectMapping: 0.035900 ms MarkObjects: 1.846000 ms  DeleteObjects: 0.050500 ms)

========================================================================
Received Prepare
Registering precompiled user dll's ...
Registered in 0.004044 seconds.
Begin MonoManager ReloadAssembly
Native extension for WindowsStandalone target not found
Native extension for WebGL target not found
Refreshing native plugins compatible for Editor in 0.34 ms, found 4 plugins.
Preloading 0 native plugins for Editor in 0.00 ms.
Mono: successfully reloaded assembly
- Completed reload, in  0.780 seconds
Platform modules already initialized, skipping
Refreshing native plugins compatible for Editor in 0.36 ms, found 4 plugins.
Preloading 0 native plugins for Editor in 0.00 ms.
Unloading 1469 Unused Serialized files (Serialized files now loaded: 0)
System memory in use before: 68.2 MB.
System memory in use after: 68.3 MB.

Unloading 21 unused Assets to reduce memory usage. Loaded Objects now: 1944.
Total: 1.716300 ms (FindLiveObjects: 0.154100 ms CreateObjectMapping: 0.040400 ms MarkObjects: 1.471100 ms  DeleteObjects: 0.050000 ms)

========================================================================
Received Import Request.
  Time since last request: 130.138945 seconds.
  path: Assets/AVProWindowsMedia
  artifactKey: Guid(fb0804606cc1aa34982c3100714a0d3b) Importer(815301076,1909f56bfc062723c751e8b465ee728b)
Start importing Assets/AVProWindowsMedia using Guid(fb0804606cc1aa34982c3100714a0d3b) Importer(815301076,1909f56bfc062723c751e8b465ee728b)  -> (artifact id: 'f62925b1212c4905cf701cf0721bd3f4') in 0.007755 seconds
  Import took 0.010258 seconds .

========================================================================
Received Prepare
Registering precompiled user dll's ...
Registered in 0.003847 seconds.
Begin MonoManager ReloadAssembly
Native extension for WindowsStandalone target not found
Native extension for WebGL target not found
Refreshing native plugins compatible for Editor in 0.33 ms, found 4 plugins.
Preloading 0 native plugins for Editor in 0.00 ms.
Mono: successfully reloaded assembly
- Completed reload, in  0.766 seconds
Platform modules already initialized, skipping
Refreshing native plugins compatible for Editor in 0.33 ms, found 4 plugins.
Preloading 0 native plugins for Editor in 0.00 ms.
Unloading 1469 Unused Serialized files (Serialized files now loaded: 0)
System memory in use before: 68.2 MB.
System memory in use after: 68.3 MB.

Unloading 21 unused Assets to reduce memory usage. Loaded Objects now: 1947.
Total: 1.913700 ms (FindLiveObjects: 0.157500 ms CreateObjectMapping: 0.040400 ms MarkObjects: 1.668300 ms  DeleteObjects: 0.046500 ms)

========================================================================
Received Prepare
Registering precompiled user dll's ...
Registered in 0.004088 seconds.
Begin MonoManager ReloadAssembly
Native extension for WindowsStandalone target not found
Native extension for WebGL target not found
Refreshing native plugins compatible for Editor in 0.36 ms, found 4 plugins.
Preloading 0 native plugins for Editor in 0.00 ms.
Mono: successfully reloaded assembly
- Completed reload, in  0.796 seconds
Platform modules already initialized, skipping
Refreshing native plugins compatible for Editor in 0.33 ms, found 4 plugins.
Preloading 0 native plugins for Editor in 0.00 ms.
Unloading 1469 Unused Serialized files (Serialized files now loaded: 0)
System memory in use before: 68.2 MB.
System memory in use after: 68.3 MB.

Unloading 21 unused Assets to reduce memory usage. Loaded Objects now: 1950.
Total: 1.560900 ms (FindLiveObjects: 0.129000 ms CreateObjectMapping: 0.036600 ms MarkObjects: 1.346300 ms  DeleteObjects: 0.048100 ms)

========================================================================
Received Prepare
Registering precompiled user dll's ...
Registered in 0.003857 seconds.
Begin MonoManager ReloadAssembly
Native extension for WindowsStandalone target not found
Native extension for WebGL target not found
Refreshing native plugins compatible for Editor in 0.35 ms, found 4 plugins.
Preloading 0 native plugins for Editor in 0.00 ms.
Mono: successfully reloaded assembly
- Completed reload, in  0.781 seconds
Platform modules already initialized, skipping
Refreshing native plugins compatible for Editor in 0.37 ms, found 4 plugins.
Preloading 0 native plugins for Editor in 0.00 ms.
Unloading 1469 Unused Serialized files (Serialized files now loaded: 0)
System memory in use before: 68.2 MB.
System memory in use after: 68.3 MB.

Unloading 21 unused Assets to reduce memory usage. Loaded Objects now: 1953.
Total: 1.724000 ms (FindLiveObjects: 0.131100 ms CreateObjectMapping: 0.031900 ms MarkObjects: 1.511400 ms  DeleteObjects: 0.048600 ms)

========================================================================
Received Prepare
Registering precompiled user dll's ...
Registered in 0.004143 seconds.
Begin MonoManager ReloadAssembly
Native extension for WindowsStandalone target not found
Native extension for WebGL target not found
Refreshing native plugins compatible for Editor in 0.47 ms, found 4 plugins.
Preloading 0 native plugins for Editor in 0.00 ms.
Mono: successfully reloaded assembly
- Completed reload, in  0.991 seconds
Platform modules already initialized, skipping
Refreshing native plugins compatible for Editor in 0.34 ms, found 4 plugins.
Preloading 0 native plugins for Editor in 0.00 ms.
Unloading 1469 Unused Serialized files (Serialized files now loaded: 0)
System memory in use before: 68.2 MB.
System memory in use after: 68.3 MB.

Unloading 21 unused Assets to reduce memory usage. Loaded Objects now: 1956.
Total: 1.796500 ms (FindLiveObjects: 0.153500 ms CreateObjectMapping: 0.036700 ms MarkObjects: 1.554500 ms  DeleteObjects: 0.051000 ms)

========================================================================
Received Prepare
Registering precompiled user dll's ...
Registered in 0.005766 seconds.
Begin MonoManager ReloadAssembly
Native extension for WindowsStandalone target not found
Native extension for WebGL target not found
Refreshing native plugins compatible for Editor in 0.34 ms, found 4 plugins.
Preloading 0 native plugins for Editor in 0.00 ms.
Mono: successfully reloaded assembly
- Completed reload, in  0.848 seconds
Platform modules already initialized, skipping
Refreshing native plugins compatible for Editor in 0.36 ms, found 4 plugins.
Preloading 0 native plugins for Editor in 0.00 ms.
Unloading 1469 Unused Serialized files (Serialized files now loaded: 0)
System memory in use before: 68.2 MB.
System memory in use after: 68.3 MB.

Unloading 21 unused Assets to reduce memory usage. Loaded Objects now: 1959.
Total: 1.783100 ms (FindLiveObjects: 0.149800 ms CreateObjectMapping: 0.034400 ms MarkObjects: 1.547500 ms  DeleteObjects: 0.050200 ms)

========================================================================
Received Prepare
Registering precompiled user dll's ...
Registered in 0.490633 seconds.
Begin MonoManager ReloadAssembly
Native extension for WindowsStandalone target not found
Native extension for WebGL target not found
Refreshing native plugins compatible for Editor in 0.37 ms, found 4 plugins.
Preloading 0 native plugins for Editor in 0.00 ms.
Mono: successfully reloaded assembly
- Completed reload, in  0.975 seconds
Platform modules already initialized, skipping
Refreshing native plugins compatible for Editor in 0.40 ms, found 4 plugins.
Preloading 0 native plugins for Editor in 0.00 ms.
Unloading 1469 Unused Serialized files (Serialized files now loaded: 0)
System memory in use before: 68.2 MB.
System memory in use after: 68.3 MB.

Unloading 21 unused Assets to reduce memory usage. Loaded Objects now: 1962.
Total: 1.897700 ms (FindLiveObjects: 0.170200 ms CreateObjectMapping: 0.045300 ms MarkObjects: 1.599200 ms  DeleteObjects: 0.082100 ms)

========================================================================
Received Prepare
Registering precompiled user dll's ...
Registered in 0.004514 seconds.
Begin MonoManager ReloadAssembly
Native extension for WindowsStandalone target not found
Native extension for WebGL target not found
Refreshing native plugins compatible for Editor in 0.38 ms, found 4 plugins.
Preloading 0 native plugins for Editor in 0.00 ms.
Mono: successfully reloaded assembly
- Completed reload, in  1.079 seconds
Platform modules already initialized, skipping
Refreshing native plugins compatible for Editor in 0.49 ms, found 4 plugins.
Preloading 0 native plugins for Editor in 0.00 ms.
Unloading 1469 Unused Serialized files (Serialized files now loaded: 0)
System memory in use before: 68.3 MB.
System memory in use after: 68.3 MB.

Unloading 21 unused Assets to reduce memory usage. Loaded Objects now: 1965.
Total: 2.482500 ms (FindLiveObjects: 0.139500 ms CreateObjectMapping: 0.044000 ms MarkObjects: 2.225200 ms  DeleteObjects: 0.071000 ms)

========================================================================
Received Prepare
Registering precompiled user dll's ...
Registered in 0.003827 seconds.
Begin MonoManager ReloadAssembly
Native extension for WindowsStandalone target not found
Native extension for WebGL target not found
Refreshing native plugins compatible for Editor in 0.35 ms, found 4 plugins.
Preloading 0 native plugins for Editor in 0.00 ms.
Mono: successfully reloaded assembly
- Completed reload, in  0.833 seconds
Platform modules already initialized, skipping
Refreshing native plugins compatible for Editor in 0.40 ms, found 4 plugins.
Preloading 0 native plugins for Editor in 0.00 ms.
Unloading 1469 Unused Serialized files (Serialized files now loaded: 0)
System memory in use before: 68.3 MB.
System memory in use after: 68.3 MB.

Unloading 21 unused Assets to reduce memory usage. Loaded Objects now: 1968.
Total: 1.750900 ms (FindLiveObjects: 0.156800 ms CreateObjectMapping: 0.052000 ms MarkObjects: 1.483000 ms  DeleteObjects: 0.057800 ms)

========================================================================
Received Prepare
Registering precompiled user dll's ...
Registered in 0.003873 seconds.
Begin MonoManager ReloadAssembly
Native extension for WindowsStandalone target not found
Native extension for WebGL target not found
Refreshing native plugins compatible for Editor in 0.34 ms, found 4 plugins.
Preloading 0 native plugins for Editor in 0.00 ms.
Mono: successfully reloaded assembly
- Completed reload, in  0.787 seconds
Platform modules already initialized, skipping
Refreshing native plugins compatible for Editor in 0.34 ms, found 4 plugins.
Preloading 0 native plugins for Editor in 0.00 ms.
Unloading 1469 Unused Serialized files (Serialized files now loaded: 0)
System memory in use before: 68.3 MB.
System memory in use after: 68.3 MB.

Unloading 21 unused Assets to reduce memory usage. Loaded Objects now: 1971.
Total: 1.680300 ms (FindLiveObjects: 0.124500 ms CreateObjectMapping: 0.034900 ms MarkObjects: 1.469800 ms  DeleteObjects: 0.050400 ms)

========================================================================
Received Prepare
Registering precompiled user dll's ...
Registered in 0.003785 seconds.
Begin MonoManager ReloadAssembly
Native extension for WindowsStandalone target not found
Native extension for WebGL target not found
Refreshing native plugins compatible for Editor in 0.36 ms, found 4 plugins.
Preloading 0 native plugins for Editor in 0.00 ms.
Mono: successfully reloaded assembly
- Completed reload, in  0.846 seconds
Platform modules already initialized, skipping
Refreshing native plugins compatible for Editor in 0.35 ms, found 4 plugins.
Preloading 0 native plugins for Editor in 0.00 ms.
Unloading 1469 Unused Serialized files (Serialized files now loaded: 0)
System memory in use before: 68.3 MB.
System memory in use after: 68.3 MB.

Unloading 21 unused Assets to reduce memory usage. Loaded Objects now: 1974.
Total: 1.797300 ms (FindLiveObjects: 0.190400 ms CreateObjectMapping: 0.099400 ms MarkObjects: 1.453000 ms  DeleteObjects: 0.053300 ms)

========================================================================
Received Prepare
Registering precompiled user dll's ...
Registered in 0.004022 seconds.
Begin MonoManager ReloadAssembly
Native extension for WindowsStandalone target not found
Native extension for WebGL target not found
Refreshing native plugins compatible for Editor in 0.34 ms, found 4 plugins.
Preloading 0 native plugins for Editor in 0.00 ms.
Mono: successfully reloaded assembly
- Completed reload, in  0.813 seconds
Platform modules already initialized, skipping
Refreshing native plugins compatible for Editor in 0.34 ms, found 4 plugins.
Preloading 0 native plugins for Editor in 0.00 ms.
Unloading 1469 Unused Serialized files (Serialized files now loaded: 0)
System memory in use before: 68.3 MB.
System memory in use after: 68.4 MB.

Unloading 21 unused Assets to reduce memory usage. Loaded Objects now: 1977.
Total: 1.953000 ms (FindLiveObjects: 0.159100 ms CreateObjectMapping: 0.050600 ms MarkObjects: 1.683900 ms  DeleteObjects: 0.058100 ms)

========================================================================
Received Prepare
Registering precompiled user dll's ...
Registered in 0.005071 seconds.
Begin MonoManager ReloadAssembly
Native extension for WindowsStandalone target not found
Native extension for WebGL target not found
Refreshing native plugins compatible for Editor in 0.33 ms, found 4 plugins.
Preloading 0 native plugins for Editor in 0.00 ms.
Mono: successfully reloaded assembly
- Completed reload, in  0.801 seconds
Platform modules already initialized, skipping
Refreshing native plugins compatible for Editor in 0.34 ms, found 4 plugins.
Preloading 0 native plugins for Editor in 0.00 ms.
Unloading 1469 Unused Serialized files (Serialized files now loaded: 0)
System memory in use before: 68.3 MB.
System memory in use after: 68.4 MB.

Unloading 21 unused Assets to reduce memory usage. Loaded Objects now: 1980.
Total: 1.993800 ms (FindLiveObjects: 0.186200 ms CreateObjectMapping: 0.053800 ms MarkObjects: 1.704400 ms  DeleteObjects: 0.048400 ms)

========================================================================
Received Import Request.
  Time since last request: 521104.576250 seconds.
  path: Assets/Prefabs
  artifactKey: Guid(d43cda0d0f0f1734fb63202e62efc8b2) Importer(815301076,1909f56bfc062723c751e8b465ee728b)
Start importing Assets/Prefabs using Guid(d43cda0d0f0f1734fb63202e62efc8b2) Importer(815301076,1909f56bfc062723c751e8b465ee728b)  -> (artifact id: 'd9ab8f2808608efd8bb094b250e81572') in 0.344344 seconds
  Import took 0.585201 seconds .

========================================================================
Received Import Request.
  Time since last request: 2.812109 seconds.
  path: Assets/Prefabs/Blank_Feed.prefab
  artifactKey: Guid(513af30b78d2faa4795dbf01ed316f91) Importer(815301076,1909f56bfc062723c751e8b465ee728b)
Start importing Assets/Prefabs/Blank_Feed.prefab using Guid(513af30b78d2faa4795dbf01ed316f91) Importer(815301076,1909f56bfc062723c751e8b465ee728b)  -> (artifact id: 'dff809a47ee767478c357df67d9eeff7') in 0.431820 seconds
  Import took 0.436518 seconds .

========================================================================
Received Import Request.
  Time since last request: 14.192252 seconds.
  path: ProjectSettings/TagManager.asset
  artifactKey: Guid(00000000000000003000000000000000) Importer(815301076,1909f56bfc062723c751e8b465ee728b)
Start importing ProjectSettings/TagManager.asset using Guid(00000000000000003000000000000000) Importer(815301076,1909f56bfc062723c751e8b465ee728b)  -> (artifact id: '4a31a2d3e934dbbae6f354c690a0ef0e') in 0.011782 seconds
  Import took 0.039308 seconds .

========================================================================
Received Import Request.
  Time since last request: 38.683871 seconds.
  path: ProjectSettings/TagManager.asset
  artifactKey: Guid(00000000000000003000000000000000) Importer(815301076,1909f56bfc062723c751e8b465ee728b)
Start importing ProjectSettings/TagManager.asset using Guid(00000000000000003000000000000000) Importer(815301076,1909f56bfc062723c751e8b465ee728b)  -> (artifact id: 'b37310686ea58fc30126c508099a3cf3') in 0.004320 seconds
  Import took 0.145352 seconds .

========================================================================
Received Import Request.
  Time since last request: 52.678267 seconds.
  path: Assets/Textures
  artifactKey: Guid(7964eaaf8ee8d8d4f959e025dbe8989b) Importer(815301076,1909f56bfc062723c751e8b465ee728b)
Start importing Assets/Textures using Guid(7964eaaf8ee8d8d4f959e025dbe8989b) Importer(815301076,1909f56bfc062723c751e8b465ee728b)  -> (artifact id: '2c4190c043b6dd7e17244d07812ed372') in 0.007411 seconds
  Import took 0.010626 seconds .

========================================================================
Received Import Request.
  Time since last request: 14.558989 seconds.
  path: Assets/Textures/Final_Video_Output.renderTexture
  artifactKey: Guid(493d04bac9bae314f8658e77d8060542) Importer(815301076,1909f56bfc062723c751e8b465ee728b)
Start importing Assets/Textures/Final_Video_Output.renderTexture using Guid(493d04bac9bae314f8658e77d8060542) Importer(815301076,1909f56bfc062723c751e8b465ee728b)  -> (artifact id: 'c91dfad952b8c471faa25ea0ef04c402') in 0.477747 seconds
  Import took 0.485664 seconds .

========================================================================
Received Import Request.
  Time since last request: 159.117082 seconds.
  path: Assets/Textures/Original_Video_Feed.renderTexture
  artifactKey: Guid(7878f6ba97341224b867b2b373747477) Importer(815301076,1909f56bfc062723c751e8b465ee728b)
Start importing Assets/Textures/Original_Video_Feed.renderTexture using Guid(7878f6ba97341224b867b2b373747477) Importer(815301076,1909f56bfc062723c751e8b465ee728b)  -> (artifact id: 'b769d77fa82150e6fcaa73ef458a1938') in 0.012239 seconds
  Import took 0.014836 seconds .

========================================================================
Received Import Request.
  Time since last request: 19.678849 seconds.
  path: Assets/Prefabs/Blank_Feed.prefab
  artifactKey: Guid(513af30b78d2faa4795dbf01ed316f91) Importer(815301076,1909f56bfc062723c751e8b465ee728b)
Start importing Assets/Prefabs/Blank_Feed.prefab using Guid(513af30b78d2faa4795dbf01ed316f91) Importer(815301076,1909f56bfc062723c751e8b465ee728b)  -> (artifact id: '3cf0c414d621202bad087710868fab96') in 0.003774 seconds
  Import took 0.032491 seconds .

========================================================================
Received Prepare
Registering precompiled user dll's ...
Registered in 0.543145 seconds.
Begin MonoManager ReloadAssembly
Native extension for WindowsStandalone target not found
Native extension for WebGL target not found
Refreshing native plugins compatible for Editor in 0.39 ms, found 4 plugins.
Preloading 0 native plugins for Editor in 0.00 ms.
Mono: successfully reloaded assembly
- Completed reload, in  1.726 seconds
Platform modules already initialized, skipping
Refreshing native plugins compatible for Editor in 0.71 ms, found 4 plugins.
Preloading 0 native plugins for Editor in 0.00 ms.
Unloading 1469 Unused Serialized files (Serialized files now loaded: 0)
System memory in use before: 71.4 MB.
System memory in use after: 71.5 MB.

Unloading 23 unused Assets to reduce memory usage. Loaded Objects now: 1988.
Total: 5.857100 ms (FindLiveObjects: 0.182000 ms CreateObjectMapping: 0.047400 ms MarkObjects: 5.548700 ms  DeleteObjects: 0.077600 ms)

========================================================================
Received Prepare
Registering precompiled user dll's ...
Registered in 0.004095 seconds.
Begin MonoManager ReloadAssembly
Native extension for WindowsStandalone target not found
Native extension for WebGL target not found
Refreshing native plugins compatible for Editor in 0.46 ms, found 4 plugins.
Preloading 0 native plugins for Editor in 0.00 ms.
Mono: successfully reloaded assembly
- Completed reload, in  1.139 seconds
Platform modules already initialized, skipping
Refreshing native plugins compatible for Editor in 0.58 ms, found 4 plugins.
Preloading 0 native plugins for Editor in 0.00 ms.
Unloading 1469 Unused Serialized files (Serialized files now loaded: 0)
System memory in use before: 71.4 MB.
System memory in use after: 71.5 MB.

Unloading 21 unused Assets to reduce memory usage. Loaded Objects now: 1991.
Total: 3.004800 ms (FindLiveObjects: 0.243200 ms CreateObjectMapping: 0.073300 ms MarkObjects: 2.613900 ms  DeleteObjects: 0.073200 ms)

========================================================================
Received Prepare
Registering precompiled user dll's ...
Registered in 0.004511 seconds.
Begin MonoManager ReloadAssembly
Native extension for WindowsStandalone target not found
Native extension for WebGL target not found
Refreshing native plugins compatible for Editor in 0.68 ms, found 4 plugins.
Preloading 0 native plugins for Editor in 0.00 ms.
Mono: successfully reloaded assembly
- Completed reload, in  0.961 seconds
Platform modules already initialized, skipping
Refreshing native plugins compatible for Editor in 0.36 ms, found 4 plugins.
Preloading 0 native plugins for Editor in 0.00 ms.
Unloading 1469 Unused Serialized files (Serialized files now loaded: 0)
System memory in use before: 71.4 MB.
System memory in use after: 71.5 MB.

Unloading 21 unused Assets to reduce memory usage. Loaded Objects now: 1994.
Total: 1.716600 ms (FindLiveObjects: 0.138600 ms CreateObjectMapping: 0.037700 ms MarkObjects: 1.462200 ms  DeleteObjects: 0.076800 ms)

========================================================================
Received Prepare
Registering precompiled user dll's ...
Registered in 0.004035 seconds.
Begin MonoManager ReloadAssembly
Native extension for WindowsStandalone target not found
Native extension for WebGL target not found
Refreshing native plugins compatible for Editor in 0.36 ms, found 4 plugins.
Preloading 0 native plugins for Editor in 0.00 ms.
Mono: successfully reloaded assembly
- Completed reload, in  0.943 seconds
Platform modules already initialized, skipping
Refreshing native plugins compatible for Editor in 0.35 ms, found 4 plugins.
Preloading 0 native plugins for Editor in 0.00 ms.
Unloading 1469 Unused Serialized files (Serialized files now loaded: 0)
System memory in use before: 71.4 MB.
System memory in use after: 71.5 MB.

Unloading 21 unused Assets to reduce memory usage. Loaded Objects now: 1997.
Total: 2.087500 ms (FindLiveObjects: 0.165800 ms CreateObjectMapping: 0.047600 ms MarkObjects: 1.819300 ms  DeleteObjects: 0.053800 ms)

========================================================================
Received Import Request.
  Time since last request: 996.743805 seconds.
  path: Assets/VideoClips
  artifactKey: Guid(9e28547751def42458143b4d283024d3) Importer(815301076,1909f56bfc062723c751e8b465ee728b)
Start importing Assets/VideoClips using Guid(9e28547751def42458143b4d283024d3) Importer(815301076,1909f56bfc062723c751e8b465ee728b)  -> (artifact id: 'd5809dd41d789901c35a611ce32598e3') in 0.009543 seconds
  Import took 0.094060 seconds .

========================================================================
Received Prepare
Registering precompiled user dll's ...
Registered in 0.004091 seconds.
Begin MonoManager ReloadAssembly
Native extension for WindowsStandalone target not found
Native extension for WebGL target not found
Refreshing native plugins compatible for Editor in 0.37 ms, found 4 plugins.
Preloading 0 native plugins for Editor in 0.00 ms.
Mono: successfully reloaded assembly
- Completed reload, in  0.904 seconds
Platform modules already initialized, skipping
Refreshing native plugins compatible for Editor in 0.35 ms, found 4 plugins.
Preloading 0 native plugins for Editor in 0.00 ms.
Unloading 1469 Unused Serialized files (Serialized files now loaded: 0)
System memory in use before: 71.4 MB.
System memory in use after: 71.5 MB.

Unloading 21 unused Assets to reduce memory usage. Loaded Objects now: 2000.
Total: 1.964400 ms (FindLiveObjects: 0.169600 ms CreateObjectMapping: 0.049700 ms MarkObjects: 1.661100 ms  DeleteObjects: 0.082800 ms)

========================================================================
Received Import Request.
  Time since last request: 293.617299 seconds.
  path: Assets/Plugins/x86_64
  artifactKey: Guid(6df99a7fa77cabd49a5a39645d35fb7f) Importer(815301076,1909f56bfc062723c751e8b465ee728b)
Start importing Assets/Plugins/x86_64 using Guid(6df99a7fa77cabd49a5a39645d35fb7f) Importer(815301076,1909f56bfc062723c751e8b465ee728b)  -> (artifact id: '6e96303194903e46b5fe20746bcb2582') in 0.010838 seconds
  Import took 0.254369 seconds .

========================================================================
Received Import Request.
  Time since last request: 2.629326 seconds.
  path: Assets/Prefabs/Selection_1.prefab
  artifactKey: Guid(6f014544c03394648b6aff0a340c2201) Importer(815301076,1909f56bfc062723c751e8b465ee728b)
Start importing Assets/Prefabs/Selection_1.prefab using Guid(6f014544c03394648b6aff0a340c2201) Importer(815301076,1909f56bfc062723c751e8b465ee728b)  -> (artifact id: 'edb4cde8941420f3834ad6cec3284ce1') in 0.048890 seconds
  Import took 0.060696 seconds .

========================================================================
Received Import Request.
  Time since last request: 65.514088 seconds.
  path: Assets/Videos
  artifactKey: Guid(38e6fcc741048274da4a0cd240084743) Importer(815301076,1909f56bfc062723c751e8b465ee728b)
Start importing Assets/Videos using Guid(38e6fcc741048274da4a0cd240084743) Importer(815301076,1909f56bfc062723c751e8b465ee728b)  -> (artifact id: 'e6ebf147c593073fb6fc79c307b51398') in 0.007716 seconds
  Import took 0.028202 seconds .

========================================================================
Received Import Request.
  Time since last request: 61.384465 seconds.
  path: Assets/Videos/2017-09-18 11-12-04.mp4
  artifactKey: Guid(b5e8a0488176dd14597d73db76caa535) Importer(815301076,1909f56bfc062723c751e8b465ee728b)
Start importing Assets/Videos/2017-09-18 11-12-04.mp4 using Guid(b5e8a0488176dd14597d73db76caa535) Importer(815301076,1909f56bfc062723c751e8b465ee728b)  -> (artifact id: 'e10315f4e946895defd24e0211f1bb7a') in 0.008571 seconds
  Import took 0.045165 seconds .

========================================================================
Received Import Request.
  Time since last request: 0.003764 seconds.
  path: Assets/Videos/2017-09-18 11-12-04.mp4
  artifactKey: Guid(b5e8a0488176dd14597d73db76caa535) Importer(815301076,1909f56bfc062723c751e8b465ee728b)
Start importing Assets/Videos/2017-09-18 11-12-04.mp4 using Guid(b5e8a0488176dd14597d73db76caa535) Importer(815301076,1909f56bfc062723c751e8b465ee728b)  -> (artifact id: 'e10315f4e946895defd24e0211f1bb7a') in 0.002662 seconds
  Import took 0.005675 seconds .

========================================================================
Received Prepare
Registering precompiled user dll's ...
Registered in 0.005163 seconds.
Begin MonoManager ReloadAssembly
Native extension for WindowsStandalone target not found
Native extension for WebGL target not found
Refreshing native plugins compatible for Editor in 0.35 ms, found 4 plugins.
Preloading 0 native plugins for Editor in 0.00 ms.
Mono: successfully reloaded assembly
- Completed reload, in  0.946 seconds
Platform modules already initialized, skipping
Refreshing native plugins compatible for Editor in 0.35 ms, found 4 plugins.
Preloading 0 native plugins for Editor in 0.00 ms.
Unloading 1469 Unused Serialized files (Serialized files now loaded: 0)
System memory in use before: 71.4 MB.
System memory in use after: 71.5 MB.

Unloading 23 unused Assets to reduce memory usage. Loaded Objects now: 2003.
Total: 21.463700 ms (FindLiveObjects: 0.312500 ms CreateObjectMapping: 0.062400 ms MarkObjects: 1.459200 ms  DeleteObjects: 19.628700 ms)

========================================================================
Received Prepare
Registering precompiled user dll's ...
Registered in 0.005245 seconds.
Begin MonoManager ReloadAssembly
Native extension for WindowsStandalone target not found
Native extension for WebGL target not found
Refreshing native plugins compatible for Editor in 0.35 ms, found 4 plugins.
Preloading 0 native plugins for Editor in 0.00 ms.
Mono: successfully reloaded assembly
- Completed reload, in  0.952 seconds
Platform modules already initialized, skipping
Refreshing native plugins compatible for Editor in 0.76 ms, found 4 plugins.
Preloading 0 native plugins for Editor in 0.00 ms.
Unloading 1469 Unused Serialized files (Serialized files now loaded: 0)
System memory in use before: 71.4 MB.
System memory in use after: 71.5 MB.

Unloading 21 unused Assets to reduce memory usage. Loaded Objects now: 2006.
Total: 1.955700 ms (FindLiveObjects: 0.230100 ms CreateObjectMapping: 0.061000 ms MarkObjects: 1.607600 ms  DeleteObjects: 0.055900 ms)

========================================================================
Received Import Request.
  Time since last request: 646.525363 seconds.
  path: Assets/Prefabs/Selection.prefab
  artifactKey: Guid(6f014544c03394648b6aff0a340c2201) Importer(815301076,1909f56bfc062723c751e8b465ee728b)
Start importing Assets/Prefabs/Selection.prefab using Guid(6f014544c03394648b6aff0a340c2201) Importer(815301076,1909f56bfc062723c751e8b465ee728b)  -> (artifact id: '10078ae15c9c2e73c9b1fb464bcdcc21') in 0.046319 seconds
  Import took 0.523684 seconds .

========================================================================
Received Import Request.
  Time since last request: 2.591233 seconds.
  path: Assets/Prefabs/Selection.prefab
  artifactKey: Guid(6f014544c03394648b6aff0a340c2201) Importer(815301076,1909f56bfc062723c751e8b465ee728b)
Start importing Assets/Prefabs/Selection.prefab using Guid(6f014544c03394648b6aff0a340c2201) Importer(815301076,1909f56bfc062723c751e8b465ee728b)  -> (artifact id: '3279d79c73dbf1f21e63be0238a93849') in 0.004697 seconds
  Import took 0.007702 seconds .

========================================================================
Received Prepare
Registering precompiled user dll's ...
Registered in 0.003845 seconds.
Begin MonoManager ReloadAssembly
Native extension for WindowsStandalone target not found
Native extension for WebGL target not found
Refreshing native plugins compatible for Editor in 0.37 ms, found 4 plugins.
Preloading 0 native plugins for Editor in 0.00 ms.
Mono: successfully reloaded assembly
- Completed reload, in  0.972 seconds
Platform modules already initialized, skipping
Refreshing native plugins compatible for Editor in 0.37 ms, found 4 plugins.
Preloading 0 native plugins for Editor in 0.00 ms.
Unloading 1469 Unused Serialized files (Serialized files now loaded: 0)
System memory in use before: 71.4 MB.
System memory in use after: 71.5 MB.

Unloading 23 unused Assets to reduce memory usage. Loaded Objects now: 2009.
Total: 1.783800 ms (FindLiveObjects: 0.157200 ms CreateObjectMapping: 0.041100 ms MarkObjects: 1.530300 ms  DeleteObjects: 0.054300 ms)

========================================================================
Received Prepare
Registering precompiled user dll's ...
Registered in 0.005212 seconds.
Begin MonoManager ReloadAssembly
Native extension for WindowsStandalone target not found
Native extension for WebGL target not found
Refreshing native plugins compatible for Editor in 0.35 ms, found 4 plugins.
Preloading 0 native plugins for Editor in 0.00 ms.
Mono: successfully reloaded assembly
- Completed reload, in  0.889 seconds
Platform modules already initialized, skipping
Refreshing native plugins compatible for Editor in 0.79 ms, found 4 plugins.
Preloading 0 native plugins for Editor in 0.00 ms.
Unloading 1469 Unused Serialized files (Serialized files now loaded: 0)
System memory in use before: 71.4 MB.
System memory in use after: 71.5 MB.

Unloading 21 unused Assets to reduce memory usage. Loaded Objects now: 2012.
Total: 1.954900 ms (FindLiveObjects: 0.166400 ms CreateObjectMapping: 0.045700 ms MarkObjects: 1.678800 ms  DeleteObjects: 0.062800 ms)

========================================================================
Received Prepare
Registering precompiled user dll's ...
Registered in 0.003997 seconds.
Begin MonoManager ReloadAssembly
Native extension for WindowsStandalone target not found
Native extension for WebGL target not found
Refreshing native plugins compatible for Editor in 0.56 ms, found 4 plugins.
Preloading 0 native plugins for Editor in 0.00 ms.
Mono: successfully reloaded assembly
- Completed reload, in  0.924 seconds
Platform modules already initialized, skipping
Refreshing native plugins compatible for Editor in 0.36 ms, found 4 plugins.
Preloading 0 native plugins for Editor in 0.00 ms.
Unloading 1469 Unused Serialized files (Serialized files now loaded: 0)
System memory in use before: 71.4 MB.
System memory in use after: 71.5 MB.

Unloading 21 unused Assets to reduce memory usage. Loaded Objects now: 2015.
Total: 2.943700 ms (FindLiveObjects: 0.137700 ms CreateObjectMapping: 0.038900 ms MarkObjects: 2.693800 ms  DeleteObjects: 0.071700 ms)

========================================================================
Received Import Request.
  Time since last request: 384.100138 seconds.
  path: Assets/Scripts/State_Manager.cs
  artifactKey: Guid(c2e6715cebcfb974a9d96f8f11c9877e) Importer(815301076,1909f56bfc062723c751e8b465ee728b)
Start importing Assets/Scripts/State_Manager.cs using Guid(c2e6715cebcfb974a9d96f8f11c9877e) Importer(815301076,1909f56bfc062723c751e8b465ee728b)  -> (artifact id: 'd0544c613c647e58b9900f91132b044e') in 0.009746 seconds
  Import took 0.015005 seconds .

========================================================================
Received Prepare
Registering precompiled user dll's ...
Registered in 0.005676 seconds.
Begin MonoManager ReloadAssembly
Native extension for WindowsStandalone target not found
Native extension for WebGL target not found
Refreshing native plugins compatible for Editor in 0.68 ms, found 4 plugins.
Preloading 0 native plugins for Editor in 0.00 ms.
Mono: successfully reloaded assembly
- Completed reload, in  0.982 seconds
Platform modules already initialized, skipping
Refreshing native plugins compatible for Editor in 0.34 ms, found 4 plugins.
Preloading 0 native plugins for Editor in 0.00 ms.
Unloading 1469 Unused Serialized files (Serialized files now loaded: 0)
System memory in use before: 71.4 MB.
System memory in use after: 71.5 MB.

Unloading 21 unused Assets to reduce memory usage. Loaded Objects now: 2018.
Total: 2.044100 ms (FindLiveObjects: 0.174300 ms CreateObjectMapping: 0.043600 ms MarkObjects: 1.760100 ms  DeleteObjects: 0.064800 ms)

========================================================================
Received Import Request.
  Time since last request: 413.130147 seconds.
  path: Assets/Videos/2018-05-10 23-15-24.mp4
  artifactKey: Guid(365156ebf4b23a749b41514cdfdad64c) Importer(815301076,1909f56bfc062723c751e8b465ee728b)
Start importing Assets/Videos/2018-05-10 23-15-24.mp4 using Guid(365156ebf4b23a749b41514cdfdad64c) Importer(815301076,1909f56bfc062723c751e8b465ee728b)  -> (artifact id: 'f1087160c36b99c770fe82f13eede4ca') in 0.019877 seconds
  Import took 0.023717 seconds .

========================================================================
Received Import Request.
  Time since last request: 0.622582 seconds.
  path: Assets/Videos/2018-07-21 23-55-39.mp4
  artifactKey: Guid(535a33068180289408b8fce68fc60aab) Importer(815301076,1909f56bfc062723c751e8b465ee728b)
Start importing Assets/Videos/2018-07-21 23-55-39.mp4 using Guid(535a33068180289408b8fce68fc60aab) Importer(815301076,1909f56bfc062723c751e8b465ee728b)  -> (artifact id: '76967f2e1d0a40de80c0b016cd0b4fb2') in 0.008521 seconds
  Import took 0.032593 seconds .

========================================================================
Received Prepare
Registering precompiled user dll's ...
Registered in 0.005164 seconds.
Begin MonoManager ReloadAssembly
Native extension for WindowsStandalone target not found
Native extension for WebGL target not found
Refreshing native plugins compatible for Editor in 0.41 ms, found 4 plugins.
Preloading 0 native plugins for Editor in 0.00 ms.
Mono: successfully reloaded assembly
- Completed reload, in  0.966 seconds
Platform modules already initialized, skipping
Refreshing native plugins compatible for Editor in 0.34 ms, found 4 plugins.
Preloading 0 native plugins for Editor in 0.00 ms.
Unloading 1469 Unused Serialized files (Serialized files now loaded: 0)
System memory in use before: 71.4 MB.
System memory in use after: 71.5 MB.

Unloading 21 unused Assets to reduce memory usage. Loaded Objects now: 2021.
Total: 2.941000 ms (FindLiveObjects: 0.196200 ms CreateObjectMapping: 0.098500 ms MarkObjects: 2.585900 ms  DeleteObjects: 0.059000 ms)

========================================================================
Received Prepare
Registering precompiled user dll's ...
Registered in 0.006024 seconds.
Begin MonoManager ReloadAssembly
Native extension for WindowsStandalone target not found
Native extension for WebGL target not found
Refreshing native plugins compatible for Editor in 0.50 ms, found 4 plugins.
Preloading 0 native plugins for Editor in 0.00 ms.
Mono: successfully reloaded assembly
- Completed reload, in  0.888 seconds
Platform modules already initialized, skipping
Refreshing native plugins compatible for Editor in 0.36 ms, found 4 plugins.
Preloading 0 native plugins for Editor in 0.00 ms.
Unloading 1469 Unused Serialized files (Serialized files now loaded: 0)
System memory in use before: 71.4 MB.
System memory in use after: 71.5 MB.

Unloading 21 unused Assets to reduce memory usage. Loaded Objects now: 2024.
Total: 2.748700 ms (FindLiveObjects: 0.284900 ms CreateObjectMapping: 0.137200 ms MarkObjects: 2.262900 ms  DeleteObjects: 0.062100 ms)

========================================================================
Received Import Request.
  Time since last request: 76.712325 seconds.
  path: Assets/Prefabs/Selection.prefab
  artifactKey: Guid(6f014544c03394648b6aff0a340c2201) Importer(815301076,1909f56bfc062723c751e8b465ee728b)
Start importing Assets/Prefabs/Selection.prefab using Guid(6f014544c03394648b6aff0a340c2201) Importer(815301076,1909f56bfc062723c751e8b465ee728b)  -> (artifact id: 'a6be7b877a1334d82bdf7a23ba8c3709') in 0.039460 seconds
  Import took 0.042251 seconds .

========================================================================
Received Prepare
Registering precompiled user dll's ...
Registered in 0.004075 seconds.
Begin MonoManager ReloadAssembly
Native extension for WindowsStandalone target not found
Native extension for WebGL target not found
Refreshing native plugins compatible for Editor in 0.36 ms, found 4 plugins.
Preloading 0 native plugins for Editor in 0.00 ms.
Mono: successfully reloaded assembly
- Completed reload, in  0.918 seconds
Platform modules already initialized, skipping
Refreshing native plugins compatible for Editor in 0.53 ms, found 4 plugins.
Preloading 0 native plugins for Editor in 0.00 ms.
Unloading 1469 Unused Serialized files (Serialized files now loaded: 0)
System memory in use before: 71.5 MB.
System memory in use after: 71.5 MB.

Unloading 23 unused Assets to reduce memory usage. Loaded Objects now: 2027.
Total: 2.852400 ms (FindLiveObjects: 0.283600 ms CreateObjectMapping: 0.101000 ms MarkObjects: 2.374000 ms  DeleteObjects: 0.092300 ms)

========================================================================
Received Prepare
Registering precompiled user dll's ...
Registered in 0.006552 seconds.
Begin MonoManager ReloadAssembly
Native extension for WindowsStandalone target not found
Native extension for WebGL target not found
Refreshing native plugins compatible for Editor in 0.35 ms, found 4 plugins.
Preloading 0 native plugins for Editor in 0.00 ms.
Mono: successfully reloaded assembly
- Completed reload, in  0.887 seconds
Platform modules already initialized, skipping
Refreshing native plugins compatible for Editor in 0.35 ms, found 4 plugins.
Preloading 0 native plugins for Editor in 0.00 ms.
Unloading 1469 Unused Serialized files (Serialized files now loaded: 0)
System memory in use before: 71.5 MB.
System memory in use after: 71.5 MB.

Unloading 21 unused Assets to reduce memory usage. Loaded Objects now: 2030.
Total: 2.084500 ms (FindLiveObjects: 0.160500 ms CreateObjectMapping: 0.042900 ms MarkObjects: 1.822700 ms  DeleteObjects: 0.057000 ms)

========================================================================
Received Prepare
Registering precompiled user dll's ...
Registered in 0.004033 seconds.
Begin MonoManager ReloadAssembly
Native extension for WindowsStandalone target not found
Native extension for WebGL target not found
Refreshing native plugins compatible for Editor in 0.68 ms, found 4 plugins.
Preloading 0 native plugins for Editor in 0.00 ms.
Mono: successfully reloaded assembly
- Completed reload, in  1.017 seconds
Platform modules already initialized, skipping
Refreshing native plugins compatible for Editor in 0.56 ms, found 4 plugins.
Preloading 0 native plugins for Editor in 0.00 ms.
Unloading 1469 Unused Serialized files (Serialized files now loaded: 0)
System memory in use before: 71.5 MB.
System memory in use after: 71.5 MB.

Unloading 21 unused Assets to reduce memory usage. Loaded Objects now: 2033.
Total: 1.956600 ms (FindLiveObjects: 0.156600 ms CreateObjectMapping: 0.059300 ms MarkObjects: 1.671100 ms  DeleteObjects: 0.068500 ms)

========================================================================
Received Prepare
Registering precompiled user dll's ...
Registered in 0.004359 seconds.
Begin MonoManager ReloadAssembly
Native extension for WindowsStandalone target not found
Native extension for WebGL target not found
Refreshing native plugins compatible for Editor in 0.42 ms, found 4 plugins.
Preloading 0 native plugins for Editor in 0.00 ms.
Mono: successfully reloaded assembly
- Completed reload, in  0.964 seconds
Platform modules already initialized, skipping
Refreshing native plugins compatible for Editor in 0.34 ms, found 4 plugins.
Preloading 0 native plugins for Editor in 0.00 ms.
Unloading 1469 Unused Serialized files (Serialized files now loaded: 0)
System memory in use before: 71.5 MB.
System memory in use after: 71.5 MB.

Unloading 21 unused Assets to reduce memory usage. Loaded Objects now: 2036.
Total: 2.251400 ms (FindLiveObjects: 0.297100 ms CreateObjectMapping: 0.070100 ms MarkObjects: 1.824100 ms  DeleteObjects: 0.059000 ms)

========================================================================
Received Prepare
Registering precompiled user dll's ...
Registered in 0.003859 seconds.
Begin MonoManager ReloadAssembly
Native extension for WindowsStandalone target not found
Native extension for WebGL target not found
Refreshing native plugins compatible for Editor in 0.43 ms, found 4 plugins.
Preloading 0 native plugins for Editor in 0.00 ms.
Mono: successfully reloaded assembly
- Completed reload, in  0.958 seconds
Platform modules already initialized, skipping
Refreshing native plugins compatible for Editor in 0.37 ms, found 4 plugins.
Preloading 0 native plugins for Editor in 0.00 ms.
Unloading 1469 Unused Serialized files (Serialized files now loaded: 0)
System memory in use before: 71.5 MB.
System memory in use after: 71.5 MB.

Unloading 21 unused Assets to reduce memory usage. Loaded Objects now: 2039.
Total: 1.752700 ms (FindLiveObjects: 0.179400 ms CreateObjectMapping: 0.042300 ms MarkObjects: 1.484400 ms  DeleteObjects: 0.045600 ms)

========================================================================
Received Prepare
Registering precompiled user dll's ...
Registered in 0.004492 seconds.
Begin MonoManager ReloadAssembly
Native extension for WindowsStandalone target not found
Native extension for WebGL target not found
Refreshing native plugins compatible for Editor in 0.53 ms, found 4 plugins.
Preloading 0 native plugins for Editor in 0.00 ms.
Mono: successfully reloaded assembly
- Completed reload, in  0.933 seconds
Platform modules already initialized, skipping
Refreshing native plugins compatible for Editor in 0.34 ms, found 4 plugins.
Preloading 0 native plugins for Editor in 0.00 ms.
Unloading 1469 Unused Serialized files (Serialized files now loaded: 0)
System memory in use before: 71.5 MB.
System memory in use after: 71.6 MB.

Unloading 21 unused Assets to reduce memory usage. Loaded Objects now: 2042.
Total: 2.181700 ms (FindLiveObjects: 0.272700 ms CreateObjectMapping: 0.071400 ms MarkObjects: 1.773500 ms  DeleteObjects: 0.062600 ms)

========================================================================
Received Prepare
Registering precompiled user dll's ...
Registered in 0.005075 seconds.
Begin MonoManager ReloadAssembly
Native extension for WindowsStandalone target not found
Native extension for WebGL target not found
Refreshing native plugins compatible for Editor in 0.66 ms, found 4 plugins.
Preloading 0 native plugins for Editor in 0.00 ms.
Mono: successfully reloaded assembly
- Completed reload, in  1.182 seconds
Platform modules already initialized, skipping
Refreshing native plugins compatible for Editor in 0.40 ms, found 4 plugins.
Preloading 0 native plugins for Editor in 0.00 ms.
Unloading 1469 Unused Serialized files (Serialized files now loaded: 0)
System memory in use before: 71.5 MB.
System memory in use after: 71.5 MB.

Unloading 21 unused Assets to reduce memory usage. Loaded Objects now: 2045.
Total: 1.979100 ms (FindLiveObjects: 0.161700 ms CreateObjectMapping: 0.052200 ms MarkObjects: 1.689000 ms  DeleteObjects: 0.075100 ms)

========================================================================
Received Prepare
Registering precompiled user dll's ...
Registered in 0.003884 seconds.
Begin MonoManager ReloadAssembly
Native extension for WindowsStandalone target not found
Native extension for WebGL target not found
Refreshing native plugins compatible for Editor in 0.55 ms, found 4 plugins.
Preloading 0 native plugins for Editor in 0.00 ms.
Mono: successfully reloaded assembly
- Completed reload, in  0.905 seconds
Platform modules already initialized, skipping
Refreshing native plugins compatible for Editor in 0.41 ms, found 4 plugins.
Preloading 0 native plugins for Editor in 0.00 ms.
Unloading 1469 Unused Serialized files (Serialized files now loaded: 0)
System memory in use before: 71.5 MB.
System memory in use after: 71.6 MB.

Unloading 21 unused Assets to reduce memory usage. Loaded Objects now: 2048.
Total: 2.447700 ms (FindLiveObjects: 0.210400 ms CreateObjectMapping: 0.100100 ms MarkObjects: 2.060500 ms  DeleteObjects: 0.074700 ms)

========================================================================
Received Prepare
Registering precompiled user dll's ...
Registered in 0.005480 seconds.
Begin MonoManager ReloadAssembly
Native extension for WindowsStandalone target not found
Native extension for WebGL target not found
Refreshing native plugins compatible for Editor in 0.35 ms, found 4 plugins.
Preloading 0 native plugins for Editor in 0.00 ms.
Mono: successfully reloaded assembly
- Completed reload, in  0.902 seconds
Platform modules already initialized, skipping
Refreshing native plugins compatible for Editor in 0.40 ms, found 4 plugins.
Preloading 0 native plugins for Editor in 0.00 ms.
Unloading 1469 Unused Serialized files (Serialized files now loaded: 0)
System memory in use before: 71.5 MB.
System memory in use after: 71.6 MB.

Unloading 21 unused Assets to reduce memory usage. Loaded Objects now: 2051.
Total: 1.652600 ms (FindLiveObjects: 0.153700 ms CreateObjectMapping: 0.042300 ms MarkObjects: 1.404000 ms  DeleteObjects: 0.051400 ms)

========================================================================
Received Prepare
Registering precompiled user dll's ...
Registered in 0.006475 seconds.
Begin MonoManager ReloadAssembly
Native extension for WindowsStandalone target not found
Native extension for WebGL target not found
Refreshing native plugins compatible for Editor in 0.34 ms, found 4 plugins.
Preloading 0 native plugins for Editor in 0.00 ms.
Mono: successfully reloaded assembly
- Completed reload, in  0.914 seconds
Platform modules already initialized, skipping
Refreshing native plugins compatible for Editor in 0.35 ms, found 4 plugins.
Preloading 0 native plugins for Editor in 0.00 ms.
Unloading 1469 Unused Serialized files (Serialized files now loaded: 0)
System memory in use before: 71.5 MB.
System memory in use after: 71.6 MB.

Unloading 21 unused Assets to reduce memory usage. Loaded Objects now: 2054.
Total: 1.956500 ms (FindLiveObjects: 0.162100 ms CreateObjectMapping: 0.047600 ms MarkObjects: 1.690700 ms  DeleteObjects: 0.055100 ms)

========================================================================
Received Prepare
Registering precompiled user dll's ...
Registered in 0.004187 seconds.
Begin MonoManager ReloadAssembly
Native extension for WindowsStandalone target not found
Native extension for WebGL target not found
Refreshing native plugins compatible for Editor in 0.35 ms, found 4 plugins.
Preloading 0 native plugins for Editor in 0.00 ms.
Mono: successfully reloaded assembly
- Completed reload, in  0.934 seconds
Platform modules already initialized, skipping
Refreshing native plugins compatible for Editor in 0.55 ms, found 4 plugins.
Preloading 0 native plugins for Editor in 0.00 ms.
Unloading 1469 Unused Serialized files (Serialized files now loaded: 0)
System memory in use before: 71.5 MB.
System memory in use after: 71.6 MB.

Unloading 21 unused Assets to reduce memory usage. Loaded Objects now: 2057.
Total: 1.815000 ms (FindLiveObjects: 0.158500 ms CreateObjectMapping: 0.045400 ms MarkObjects: 1.551900 ms  DeleteObjects: 0.058100 ms)

========================================================================
Received Prepare
Registering precompiled user dll's ...
Registered in 0.004971 seconds.
Begin MonoManager ReloadAssembly
Native extension for WindowsStandalone target not found
Native extension for WebGL target not found
Refreshing native plugins compatible for Editor in 0.67 ms, found 4 plugins.
Preloading 0 native plugins for Editor in 0.00 ms.
Mono: successfully reloaded assembly
- Completed reload, in  1.122 seconds
Platform modules already initialized, skipping
Refreshing native plugins compatible for Editor in 0.34 ms, found 4 plugins.
Preloading 0 native plugins for Editor in 0.00 ms.
Unloading 1469 Unused Serialized files (Serialized files now loaded: 0)
System memory in use before: 71.5 MB.
System memory in use after: 71.6 MB.

Unloading 21 unused Assets to reduce memory usage. Loaded Objects now: 2060.
Total: 1.918800 ms (FindLiveObjects: 0.150700 ms CreateObjectMapping: 0.062600 ms MarkObjects: 1.640000 ms  DeleteObjects: 0.064200 ms)

========================================================================
Received Prepare
Registering precompiled user dll's ...
Registered in 0.004785 seconds.
Begin MonoManager ReloadAssembly
Native extension for WindowsStandalone target not found
Native extension for WebGL target not found
Refreshing native plugins compatible for Editor in 0.58 ms, found 4 plugins.
Preloading 0 native plugins for Editor in 0.00 ms.
Mono: successfully reloaded assembly
- Completed reload, in  1.019 seconds
Platform modules already initialized, skipping
Refreshing native plugins compatible for Editor in 0.34 ms, found 4 plugins.
Preloading 0 native plugins for Editor in 0.00 ms.
Unloading 1469 Unused Serialized files (Serialized files now loaded: 0)
System memory in use before: 71.5 MB.
System memory in use after: 71.6 MB.

Unloading 21 unused Assets to reduce memory usage. Loaded Objects now: 2063.
Total: 1.850300 ms (FindLiveObjects: 0.159400 ms CreateObjectMapping: 0.064100 ms MarkObjects: 1.572400 ms  DeleteObjects: 0.053300 ms)

========================================================================
Received Prepare
Registering precompiled user dll's ...
Registered in 0.006401 seconds.
Begin MonoManager ReloadAssembly
Native extension for WindowsStandalone target not found
Native extension for WebGL target not found
Refreshing native plugins compatible for Editor in 0.34 ms, found 4 plugins.
Preloading 0 native plugins for Editor in 0.00 ms.
Mono: successfully reloaded assembly
- Completed reload, in  1.032 seconds
Platform modules already initialized, skipping
Refreshing native plugins compatible for Editor in 0.55 ms, found 4 plugins.
Preloading 0 native plugins for Editor in 0.00 ms.
Unloading 1469 Unused Serialized files (Serialized files now loaded: 0)
System memory in use before: 71.5 MB.
System memory in use after: 71.6 MB.

Unloading 21 unused Assets to reduce memory usage. Loaded Objects now: 2066.
Total: 1.784000 ms (FindLiveObjects: 0.165600 ms CreateObjectMapping: 0.047200 ms MarkObjects: 1.518700 ms  DeleteObjects: 0.051700 ms)

========================================================================
Received Prepare
Registering precompiled user dll's ...
Registered in 0.004151 seconds.
Begin MonoManager ReloadAssembly
Native extension for WindowsStandalone target not found
Native extension for WebGL target not found
Refreshing native plugins compatible for Editor in 0.50 ms, found 4 plugins.
Preloading 0 native plugins for Editor in 0.00 ms.
Mono: successfully reloaded assembly
- Completed reload, in  2.036 seconds
Platform modules already initialized, skipping
Refreshing native plugins compatible for Editor in 0.38 ms, found 4 plugins.
Preloading 0 native plugins for Editor in 0.00 ms.
Unloading 1469 Unused Serialized files (Serialized files now loaded: 0)
System memory in use before: 71.5 MB.
System memory in use after: 71.6 MB.

Unloading 21 unused Assets to reduce memory usage. Loaded Objects now: 2069.
Total: 1.872700 ms (FindLiveObjects: 0.169100 ms CreateObjectMapping: 0.045300 ms MarkObjects: 1.483300 ms  DeleteObjects: 0.174000 ms)

========================================================================
Received Prepare
Registering precompiled user dll's ...
Registered in 0.006781 seconds.
Begin MonoManager ReloadAssembly
Native extension for WindowsStandalone target not found
Native extension for WebGL target not found
Refreshing native plugins compatible for Editor in 0.35 ms, found 4 plugins.
Preloading 0 native plugins for Editor in 0.00 ms.
Mono: successfully reloaded assembly
- Completed reload, in  0.992 seconds
Platform modules already initialized, skipping
Refreshing native plugins compatible for Editor in 0.53 ms, found 4 plugins.
Preloading 0 native plugins for Editor in 0.00 ms.
Unloading 1469 Unused Serialized files (Serialized files now loaded: 0)
System memory in use before: 71.5 MB.
System memory in use after: 71.6 MB.

Unloading 21 unused Assets to reduce memory usage. Loaded Objects now: 2072.
Total: 1.757600 ms (FindLiveObjects: 0.176100 ms CreateObjectMapping: 0.052900 ms MarkObjects: 1.471500 ms  DeleteObjects: 0.055900 ms)

========================================================================
Received Prepare
Registering precompiled user dll's ...
Registered in 0.004435 seconds.
Begin MonoManager ReloadAssembly
Native extension for WindowsStandalone target not found
Native extension for WebGL target not found
Refreshing native plugins compatible for Editor in 0.38 ms, found 4 plugins.
Preloading 0 native plugins for Editor in 0.00 ms.
Mono: successfully reloaded assembly
- Completed reload, in  0.897 seconds
Platform modules already initialized, skipping
Refreshing native plugins compatible for Editor in 0.38 ms, found 4 plugins.
Preloading 0 native plugins for Editor in 0.00 ms.
Unloading 1469 Unused Serialized files (Serialized files now loaded: 0)
System memory in use before: 71.5 MB.
System memory in use after: 71.6 MB.

Unloading 21 unused Assets to reduce memory usage. Loaded Objects now: 2075.
Total: 1.749300 ms (FindLiveObjects: 0.159800 ms CreateObjectMapping: 0.044500 ms MarkObjects: 1.486800 ms  DeleteObjects: 0.057100 ms)

========================================================================
Received Prepare
Registering precompiled user dll's ...
Registered in 0.003847 seconds.
Begin MonoManager ReloadAssembly
Native extension for WindowsStandalone target not found
Native extension for WebGL target not found
Refreshing native plugins compatible for Editor in 0.38 ms, found 4 plugins.
Preloading 0 native plugins for Editor in 0.00 ms.
Mono: successfully reloaded assembly
- Completed reload, in  0.929 seconds
Platform modules already initialized, skipping
Refreshing native plugins compatible for Editor in 0.38 ms, found 4 plugins.
Preloading 0 native plugins for Editor in 0.00 ms.
Unloading 1469 Unused Serialized files (Serialized files now loaded: 0)
System memory in use before: 71.5 MB.
System memory in use after: 71.6 MB.

Unloading 21 unused Assets to reduce memory usage. Loaded Objects now: 2078.
Total: 1.829100 ms (FindLiveObjects: 0.174900 ms CreateObjectMapping: 0.050100 ms MarkObjects: 1.534500 ms  DeleteObjects: 0.068000 ms)

========================================================================
Received Prepare
Registering precompiled user dll's ...
Registered in 0.478634 seconds.
Begin MonoManager ReloadAssembly
Native extension for WindowsStandalone target not found
Native extension for WebGL target not found
Refreshing native plugins compatible for Editor in 0.57 ms, found 4 plugins.
Preloading 0 native plugins for Editor in 0.00 ms.
Mono: successfully reloaded assembly
- Completed reload, in  1.159 seconds
Platform modules already initialized, skipping
Refreshing native plugins compatible for Editor in 0.37 ms, found 4 plugins.
Preloading 0 native plugins for Editor in 0.00 ms.
Unloading 1469 Unused Serialized files (Serialized files now loaded: 0)
System memory in use before: 71.5 MB.
System memory in use after: 71.6 MB.

Unloading 21 unused Assets to reduce memory usage. Loaded Objects now: 2081.
Total: 1.819400 ms (FindLiveObjects: 0.158000 ms CreateObjectMapping: 0.047500 ms MarkObjects: 1.535800 ms  DeleteObjects: 0.077200 ms)

========================================================================
Received Prepare
Registering precompiled user dll's ...
Registered in 0.143578 seconds.
Begin MonoManager ReloadAssembly
Native extension for WindowsStandalone target not found
Native extension for WebGL target not found
Refreshing native plugins compatible for Editor in 0.39 ms, found 4 plugins.
Preloading 0 native plugins for Editor in 0.00 ms.
Mono: successfully reloaded assembly
- Completed reload, in  2.655 seconds
Platform modules already initialized, skipping
Refreshing native plugins compatible for Editor in 0.37 ms, found 4 plugins.
Preloading 0 native plugins for Editor in 0.00 ms.
Unloading 1469 Unused Serialized files (Serialized files now loaded: 0)
System memory in use before: 71.6 MB.
System memory in use after: 71.6 MB.

Unloading 21 unused Assets to reduce memory usage. Loaded Objects now: 2084.
Total: 2.615100 ms (FindLiveObjects: 0.171100 ms CreateObjectMapping: 0.042100 ms MarkObjects: 2.316400 ms  DeleteObjects: 0.084200 ms)

========================================================================
Received Import Request.
  Time since last request: 95320.380159 seconds.
  path: Assets/Videos/WOMAN_FRIZZ_SKIRT.mov
  artifactKey: Guid(51bdd805f6de2b04cbeda482a69a9c78) Importer(815301076,1909f56bfc062723c751e8b465ee728b)
Start importing Assets/Videos/WOMAN_FRIZZ_SKIRT.mov using Guid(51bdd805f6de2b04cbeda482a69a9c78) Importer(815301076,1909f56bfc062723c751e8b465ee728b)  -> (artifact id: '616d08631bf15a3ba2d24daaa8e46674') in 0.680868 seconds
  Import took 0.684335 seconds .

========================================================================
Received Import Request.
  Time since last request: 2.030730 seconds.
  path: Assets/Videos/2021-02-12 00-07-30.mp4
  artifactKey: Guid(6e8e1b4c487109f4f95dcedfb0f746dc) Importer(815301076,1909f56bfc062723c751e8b465ee728b)
Start importing Assets/Videos/2021-02-12 00-07-30.mp4 using Guid(6e8e1b4c487109f4f95dcedfb0f746dc) Importer(815301076,1909f56bfc062723c751e8b465ee728b)  -> (artifact id: '2bb53c691e351fd9de8cdf172fda57af') in 0.014272 seconds
  Import took 0.055790 seconds .

========================================================================
Received Import Request.
  Time since last request: 1.496469 seconds.
  path: Assets/Videos/WOMAN_FRIZZ_SKIRT_00000 (Stitched Clip).mp4
  artifactKey: Guid(e3b75d709143b1a42a50a35b4a1e786b) Importer(815301076,1909f56bfc062723c751e8b465ee728b)
Start importing Assets/Videos/WOMAN_FRIZZ_SKIRT_00000 (Stitched Clip).mp4 using Guid(e3b75d709143b1a42a50a35b4a1e786b) Importer(815301076,1909f56bfc062723c751e8b465ee728b)  -> (artifact id: 'caa5a86fd134ad828be68f2f7155a354') in 0.008021 seconds
  Import took 0.027621 seconds .

========================================================================
Received Import Request.
  Time since last request: 308.141609 seconds.
  path: Assets/Videos/WOMAN_FRIZZ_SKIRT 1.mov
  artifactKey: Guid(5878afe3a0cf1aa4ab2ed896c47f336d) Importer(815301076,1909f56bfc062723c751e8b465ee728b)
Start importing Assets/Videos/WOMAN_FRIZZ_SKIRT 1.mov using Guid(5878afe3a0cf1aa4ab2ed896c47f336d) Importer(815301076,1909f56bfc062723c751e8b465ee728b)  -> (artifact id: '96f25b08ce31f97a0506564f280cdd91') in 0.007175 seconds
  Import took 0.010303 seconds .

========================================================================
Received Import Request.
  Time since last request: 0.001043 seconds.
  path: Assets/Videos/WOMAN_FRIZZ_SKIRT 1.mov
  artifactKey: Guid(5878afe3a0cf1aa4ab2ed896c47f336d) Importer(815301076,1909f56bfc062723c751e8b465ee728b)
Start importing Assets/Videos/WOMAN_FRIZZ_SKIRT 1.mov using Guid(5878afe3a0cf1aa4ab2ed896c47f336d) Importer(815301076,1909f56bfc062723c751e8b465ee728b)  -> (artifact id: '96f25b08ce31f97a0506564f280cdd91') in 0.003270 seconds
  Import took 0.006215 seconds .

AssetImportWorkerClient::OnTransportError - code=2 error=End of file
